<?xml version="1.0" encoding="UTF-8"?>
<testsuite xmlns:xsi="http://www.w3.org/2001/XMLSchema-instance" xsi:noNamespaceSchemaLocation="https://maven.apache.org/surefire/maven-surefire-plugin/xsd/surefire-test-report-3.0.xsd" version="3.0" name="BrokerQuoterTests" time="2.602" tests="1" errors="0" skipped="0" failures="0">
  <properties>
[...]
</properties>
  <testcase name="quoterTest" classname="BrokerQuoterTests" time="2.042">
    <system-out><![CDATA[**Register request received from: Actor[akka://default/user/$b#-1562686822]
>>Service registered: [Actor[akka://default/user/$b#-1562686822]]
=>Current Broker instance: Actor[akka://default/user/$a#-1849009573]
**Register request received from: Actor[akka://default/user/$c#355941461]
>>Service registered: [Actor[akka://default/user/$b#-1562686822], Actor[akka://default/user/$c#355941461]]
=>Current Broker instance: Actor[akka://default/user/$a#-1849009573]
**Register request received from: Actor[akka://default/user/$d#627596828]
>>Service registered: [Actor[akka://default/user/$b#-1562686822], Actor[akka://default/user/$c#355941461], Actor[akka://default/user/$d#627596828]]
=>Current Broker instance: Actor[akka://default/user/$a#-1849009573]
Broker received ClientMessageName: Niki Collier age: 49 sex: F height: 1.5494 weight: 80.0 smoker: false medical issues: false
 at 2023-11-02T08:33:26.211
Broker instance:Actor[akka://default/user/$a#-1849009573] sender: Actor[akka://default/system/testProbe-1#-856721024]
List of registered services: [Actor[akka://default/user/$b#-1562686822], Actor[akka://default/user/$c#355941461], Actor[akka://default/user/$d#627596828]]
Broker sending ClientMessage to registered services
Broker sending ClientMessage to registered services
Broker sending ClientMessage to registered services
**AULDFELLAS ACTOR STARTED**
**DODGYGEEZERS ACTOR STARTED**
**GIRLSALLOWED ACTOR STARTED**
Girlsallowed sending message to: Actor[akka://default/user/$a#-1849009573]
Dodgygeezers sending message to: Actor[akka://default/user/$a#-1849009573]
Auldfellas sending message to: Actor[akka://default/user/$a#-1849009573]
Received quotation at Broker from service : Token - 1 Auld Fellas Ltd.  $942.0  AF001000
Received quotation at Broker from service : Token - 1 Dodgy Geezers Corp.  $755.65  DG001000
Received quotation at Broker from service : Token - 1 Girls Allowed Inc.  $637.0  GA001000
Broker received TimeoutMessage
Sending OfferMessage back at 2023-11-02T08:33:28.218
Response from broker: Auld Fellas Ltd.  $942.0  AF001000
Response from broker: Dodgy Geezers Corp.  $755.65  DG001000
Response from broker: Girls Allowed Inc.  $637.0  GA001000
]]></system-out>
  </testcase>
</testsuite>